[19992:9072:0325/172004.710:WARNING:chrome_main_delegate.cc(740)] This is Chrome version 123.0.6312.59 (not a warning)
[19992:9072:0325/172004.930:INFO:policy_logger.cc(145)] :components\enterprise\browser\controller\chrome_browser_cloud_management_controller.cc(168) Starting CBCM Controller Initialization
[19992:9072:0325/172004.930:INFO:policy_logger.cc(145)] :components\enterprise\browser\controller\chrome_browser_cloud_management_controller.cc(196) No machine level policy manager exists.
[19992:9072:0325/172006.119:INFO:CONSOLE(24)] "A preload for 'https://cdn.jsdelivr.net/gh/orioncactus/pretendard@v1.3.9/dist/web/variable/pretendardvariable-dynamic-subset.min.css' is found, but is not used because the request credentials mode does not match. Consider taking a look at crossorigin attribute.", source: https://www.wanted.co.kr/ (24)
[19992:9072:0325/172006.149:INFO:CONSOLE(24)] "A preload for 'https://cdn.jsdelivr.net/gh/orioncactus/pretendard@v1.3.9/dist/web/variable/pretendardvariable-jp-dynamic-subset.min.css' is found, but is not used because the request credentials mode does not match. Consider taking a look at crossorigin attribute.", source: https://www.wanted.co.kr/ (24)
[19992:9072:0325/172007.155:INFO:CONSOLE(0)] "Third-party cookie will be blocked. Learn more in the Issues tab.", source: https://www.wanted.co.kr/ (0)
[19992:9072:0325/172007.155:INFO:CONSOLE(0)] "Third-party cookie will be blocked. Learn more in the Issues tab.", source: https://www.wanted.co.kr/ (0)
[19992:9072:0325/172007.175:INFO:CONSOLE(121)] "Unrecognized feature: 'attribution-reporting'.", source: https://connect.facebook.net/signals/config/765926993513132?v=2.9.150&r=stable&domain=www.wanted.co.kr&hme=8b8eb2472f555e54a8b57f2b720f9bd3b1bc6aed031525376dd772ba51107995&ex_m=63%2C107%2C95%2C99%2C54%2C3%2C89%2C62%2C14%2C87%2C80%2C45%2C47%2C153%2C156%2C167%2C163%2C164%2C166%2C26%2C90%2C46%2C69%2C165%2C148%2C151%2C160%2C161%2C168%2C116%2C13%2C44%2C172%2C171%2C118%2C16%2C30%2C33%2C1%2C37%2C58%2C59%2C60%2C64%2C84%2C15%2C12%2C86%2C83%2C82%2C96%2C98%2C32%2C97%2C27%2C23%2C149%2C152%2C125%2C25%2C9%2C10%2C11%2C5%2C6%2C22%2C19%2C20%2C50%2C55%2C57%2C67%2C91%2C24%2C68%2C8%2C7%2C72%2C42%2C18%2C93%2C92%2C17%2C74%2C79%2C41%2C40%2C78%2C34%2C36%2C77%2C49%2C75%2C29%2C38%2C66%2C0%2C85%2C4%2C81%2C73%2C76%2C2%2C31%2C56%2C35%2C94%2C39%2C71%2C61%2C100%2C53%2C52%2C28%2C88%2C51%2C48%2C43%2C70%2C65%2C21%2C101 (121)
[19992:9072:0325/172007.198:INFO:CONSOLE(0)] "Third-party cookie will be blocked. Learn more in the Issues tab.", source: https://www.wanted.co.kr/ (0)
[19992:9072:0325/172007.199:INFO:CONSOLE(0)] "Third-party cookie will be blocked. Learn more in the Issues tab.", source: https://www.wanted.co.kr/ (0)
[19992:9072:0325/172007.199:INFO:CONSOLE(0)] "Third-party cookie will be blocked. Learn more in the Issues tab.", source: https://www.wanted.co.kr/ (0)
[19992:9072:0325/172007.289:INFO:CONSOLE(0)] "Third-party cookie will be blocked. Learn more in the Issues tab.", source: https://www.wanted.co.kr/ (0)
[19992:9072:0325/172007.409:INFO:CONSOLE(0)] "Third-party cookie will be blocked. Learn more in the Issues tab.", source: https://www.wanted.co.kr/ (0)
[19992:9072:0325/172007.409:INFO:CONSOLE(0)] "Third-party cookie will be blocked. Learn more in the Issues tab.", source: https://www.wanted.co.kr/ (0)
[19992:9072:0325/172007.409:INFO:CONSOLE(0)] "Third-party cookie will be blocked. Learn more in the Issues tab.", source: https://www.wanted.co.kr/ (0)
[19992:9072:0325/172007.409:INFO:CONSOLE(0)] "Third-party cookie will be blocked. Learn more in the Issues tab.", source: https://www.wanted.co.kr/ (0)
[19992:9072:0325/172007.410:INFO:CONSOLE(0)] "Third-party cookie will be blocked. Learn more in the Issues tab.", source: https://www.wanted.co.kr/ (0)
[19992:9072:0325/172007.410:INFO:CONSOLE(0)] "Third-party cookie will be blocked. Learn more in the Issues tab.", source: https://www.wanted.co.kr/ (0)
[19992:9072:0325/172007.410:INFO:CONSOLE(0)] "Third-party cookie will be blocked. Learn more in the Issues tab.", source: https://www.wanted.co.kr/ (0)
[19992:9072:0325/172007.630:INFO:CONSOLE(0)] "Third-party cookie will be blocked. Learn more in the Issues tab.", source: https://www.wanted.co.kr/ (0)
[19992:9072:0325/172007.630:INFO:CONSOLE(0)] "Third-party cookie will be blocked. Learn more in the Issues tab.", source: https://www.wanted.co.kr/ (0)
[19992:9072:0325/172007.630:INFO:CONSOLE(0)] "Third-party cookie will be blocked. Learn more in the Issues tab.", source: https://www.wanted.co.kr/ (0)
[19992:9072:0325/172007.630:INFO:CONSOLE(0)] "Third-party cookie will be blocked. Learn more in the Issues tab.", source: https://www.wanted.co.kr/ (0)
[19992:9072:0325/172007.630:INFO:CONSOLE(0)] "Third-party cookie will be blocked. Learn more in the Issues tab.", source: https://www.wanted.co.kr/ (0)
[19992:9072:0325/172007.753:INFO:CONSOLE(0)] "Third-party cookie will be blocked. Learn more in the Issues tab.", source: https://www.wanted.co.kr/ (0)
[19992:9072:0325/172007.755:INFO:CONSOLE(0)] "Third-party cookie will be blocked. Learn more in the Issues tab.", source: https://www.wanted.co.kr/ (0)
[19992:9072:0325/172007.903:INFO:CONSOLE(0)] "Third-party cookie will be blocked. Learn more in the Issues tab.", source: https://www.wanted.co.kr/wdlist (0)
[19992:9072:0325/172007.903:INFO:CONSOLE(0)] "Third-party cookie will be blocked. Learn more in the Issues tab.", source: https://www.wanted.co.kr/wdlist (0)
[19992:9072:0325/172007.903:INFO:CONSOLE(0)] "Third-party cookie will be blocked. Learn more in the Issues tab.", source: https://www.wanted.co.kr/wdlist (0)
[19992:9072:0325/172007.903:INFO:CONSOLE(0)] "Third-party cookie will be blocked. Learn more in the Issues tab.", source: https://www.wanted.co.kr/wdlist (0)
[19992:9072:0325/172007.903:INFO:CONSOLE(0)] "Third-party cookie will be blocked. Learn more in the Issues tab.", source: https://www.wanted.co.kr/wdlist (0)
[19992:9072:0325/172008.044:INFO:CONSOLE(0)] "Third-party cookie will be blocked. Learn more in the Issues tab.", source: https://www.wanted.co.kr/wdlist (0)
[19992:9072:0325/172008.044:INFO:CONSOLE(0)] "Third-party cookie will be blocked. Learn more in the Issues tab.", source: https://www.wanted.co.kr/wdlist (0)
[19992:9072:0325/172008.044:INFO:CONSOLE(0)] "Third-party cookie will be blocked. Learn more in the Issues tab.", source: https://www.wanted.co.kr/wdlist (0)
[19992:9072:0325/172008.045:INFO:CONSOLE(0)] "Third-party cookie will be blocked. Learn more in the Issues tab.", source: https://www.wanted.co.kr/wdlist (0)
[19992:9072:0325/172008.046:INFO:CONSOLE(0)] "Third-party cookie will be blocked. Learn more in the Issues tab.", source: https://www.wanted.co.kr/wdlist (0)
[19992:9072:0325/172008.348:INFO:CONSOLE(0)] "Third-party cookie will be blocked. Learn more in the Issues tab.", source: https://www.wanted.co.kr/wdlist?country=kr&job_sort=job.recommend_order&years=-1&locations=all (0)
[19992:9072:0325/172008.348:INFO:CONSOLE(0)] "Third-party cookie will be blocked. Learn more in the Issues tab.", source: https://www.wanted.co.kr/wdlist?country=kr&job_sort=job.recommend_order&years=-1&locations=all (0)
[19992:9072:0325/172008.373:INFO:CONSOLE(0)] "Third-party cookie will be blocked. Learn more in the Issues tab.", source: https://www.wanted.co.kr/wdlist?country=kr&job_sort=job.recommend_order&years=-1&locations=all (0)
[19992:9072:0325/172008.407:INFO:CONSOLE(0)] "Third-party cookie will be blocked. Learn more in the Issues tab.", source: https://www.wanted.co.kr/wdlist?country=kr&job_sort=job.recommend_order&years=-1&locations=all (0)
[19992:9072:0325/172008.407:INFO:CONSOLE(0)] "Third-party cookie will be blocked. Learn more in the Issues tab.", source: https://www.wanted.co.kr/wdlist?country=kr&job_sort=job.recommend_order&years=-1&locations=all (0)
[19992:9072:0325/172008.536:INFO:CONSOLE(0)] "Third-party cookie will be blocked. Learn more in the Issues tab.", source: https://www.wanted.co.kr/wdlist?country=kr&job_sort=job.recommend_order&years=-1&locations=all (0)
[19992:9072:0325/172008.536:INFO:CONSOLE(0)] "Third-party cookie will be blocked. Learn more in the Issues tab.", source: https://www.wanted.co.kr/wdlist?country=kr&job_sort=job.recommend_order&years=-1&locations=all (0)
[19992:9072:0325/172008.536:INFO:CONSOLE(0)] "Third-party cookie will be blocked. Learn more in the Issues tab.", source: https://www.wanted.co.kr/wdlist?country=kr&job_sort=job.recommend_order&years=-1&locations=all (0)
[19992:9072:0325/172008.536:INFO:CONSOLE(0)] "Third-party cookie will be blocked. Learn more in the Issues tab.", source: https://www.wanted.co.kr/wdlist?country=kr&job_sort=job.recommend_order&years=-1&locations=all (0)
[19992:9072:0325/172008.536:INFO:CONSOLE(0)] "Third-party cookie will be blocked. Learn more in the Issues tab.", source: https://www.wanted.co.kr/wdlist?country=kr&job_sort=job.recommend_order&years=-1&locations=all (0)
[19992:9072:0325/172008.873:INFO:CONSOLE(0)] "Third-party cookie will be blocked. Learn more in the Issues tab.", source: https://www.wanted.co.kr/wdlist?country=kr&job_sort=job.recommend_order&years=-1&locations=all (0)
[19992:9072:0325/172008.873:INFO:CONSOLE(0)] "Third-party cookie will be blocked. Learn more in the Issues tab.", source: https://www.wanted.co.kr/wdlist?country=kr&job_sort=job.recommend_order&years=-1&locations=all (0)
[19992:9072:0325/172008.873:INFO:CONSOLE(0)] "Third-party cookie will be blocked. Learn more in the Issues tab.", source: https://www.wanted.co.kr/wdlist?country=kr&job_sort=job.recommend_order&years=-1&locations=all (0)
[19992:9072:0325/172008.873:INFO:CONSOLE(0)] "Third-party cookie will be blocked. Learn more in the Issues tab.", source: https://www.wanted.co.kr/wdlist?country=kr&job_sort=job.recommend_order&years=-1&locations=all (0)
[19992:9072:0325/172008.873:INFO:CONSOLE(0)] "Third-party cookie will be blocked. Learn more in the Issues tab.", source: https://www.wanted.co.kr/wdlist?country=kr&job_sort=job.recommend_order&years=-1&locations=all (0)
[19992:9072:0325/172008.873:INFO:CONSOLE(0)] "Third-party cookie will be blocked. Learn more in the Issues tab.", source: https://www.wanted.co.kr/wdlist?country=kr&job_sort=job.recommend_order&years=-1&locations=all (0)
[19992:9072:0325/172009.072:INFO:CONSOLE(0)] "Third-party cookie will be blocked. Learn more in the Issues tab.", source: https://www.wanted.co.kr/wdlist?country=kr&job_sort=job.recommend_order&years=-1&locations=all (0)
[19992:9072:0325/172009.072:INFO:CONSOLE(0)] "Third-party cookie will be blocked. Learn more in the Issues tab.", source: https://www.wanted.co.kr/wdlist?country=kr&job_sort=job.recommend_order&years=-1&locations=all (0)
[19992:9072:0325/172009.073:INFO:CONSOLE(0)] "Third-party cookie will be blocked. Learn more in the Issues tab.", source: https://www.wanted.co.kr/wdlist?country=kr&job_sort=job.recommend_order&years=-1&locations=all (0)
[19992:9072:0325/172009.073:INFO:CONSOLE(0)] "Third-party cookie will be blocked. Learn more in the Issues tab.", source: https://www.wanted.co.kr/wdlist?country=kr&job_sort=job.recommend_order&years=-1&locations=all (0)
[19992:9072:0325/172009.073:INFO:CONSOLE(0)] "Third-party cookie will be blocked. Learn more in the Issues tab.", source: https://www.wanted.co.kr/wdlist?country=kr&job_sort=job.recommend_order&years=-1&locations=all (0)
[19992:9072:0325/172009.073:INFO:CONSOLE(0)] "Third-party cookie will be blocked. Learn more in the Issues tab.", source: https://www.wanted.co.kr/wdlist?country=kr&job_sort=job.recommend_order&years=-1&locations=all (0)
[19992:9072:0325/172009.074:INFO:CONSOLE(0)] "Third-party cookie will be blocked. Learn more in the Issues tab.", source: https://www.wanted.co.kr/wdlist?country=kr&job_sort=job.recommend_order&years=-1&locations=all (0)
[19992:9072:0325/172010.141:INFO:CONSOLE(0)] "Third-party cookie will be blocked. Learn more in the Issues tab.", source: https://www.wanted.co.kr/wdlist/518 (0)
[19992:9072:0325/172010.150:INFO:CONSOLE(0)] "Third-party cookie will be blocked. Learn more in the Issues tab.", source: https://www.wanted.co.kr/wdlist/518 (0)
[19992:9072:0325/172010.150:INFO:CONSOLE(0)] "Third-party cookie will be blocked. Learn more in the Issues tab.", source: https://www.wanted.co.kr/wdlist/518 (0)
[19992:9072:0325/172010.151:INFO:CONSOLE(0)] "Third-party cookie will be blocked. Learn more in the Issues tab.", source: https://www.wanted.co.kr/wdlist/518 (0)
[19992:9072:0325/172010.151:INFO:CONSOLE(0)] "Third-party cookie will be blocked. Learn more in the Issues tab.", source: https://www.wanted.co.kr/wdlist/518 (0)
[19992:9072:0325/172010.151:INFO:CONSOLE(0)] "Third-party cookie will be blocked. Learn more in the Issues tab.", source: https://www.wanted.co.kr/wdlist/518 (0)
[19992:9072:0325/172010.187:INFO:CONSOLE(0)] "Third-party cookie will be blocked. Learn more in the Issues tab.", source: https://www.wanted.co.kr/wdlist/518 (0)
[19992:9072:0325/172010.187:INFO:CONSOLE(0)] "Third-party cookie will be blocked. Learn more in the Issues tab.", source: https://www.wanted.co.kr/wdlist/518 (0)
[19992:9072:0325/172010.340:INFO:CONSOLE(0)] "Third-party cookie will be blocked. Learn more in the Issues tab.", source: https://www.wanted.co.kr/wdlist/518?country=kr&job_sort=job.recommend_order&years=-1&locations=all (0)
[19992:9072:0325/172010.340:INFO:CONSOLE(0)] "Third-party cookie will be blocked. Learn more in the Issues tab.", source: https://www.wanted.co.kr/wdlist/518?country=kr&job_sort=job.recommend_order&years=-1&locations=all (0)
[19992:9072:0325/172010.340:INFO:CONSOLE(0)] "Third-party cookie will be blocked. Learn more in the Issues tab.", source: https://www.wanted.co.kr/wdlist/518?country=kr&job_sort=job.recommend_order&years=-1&locations=all (0)
[19992:9072:0325/172010.340:INFO:CONSOLE(0)] "Third-party cookie will be blocked. Learn more in the Issues tab.", source: https://www.wanted.co.kr/wdlist/518?country=kr&job_sort=job.recommend_order&years=-1&locations=all (0)
[19992:9072:0325/172010.340:INFO:CONSOLE(0)] "Third-party cookie will be blocked. Learn more in the Issues tab.", source: https://www.wanted.co.kr/wdlist/518?country=kr&job_sort=job.recommend_order&years=-1&locations=all (0)
[19992:9072:0325/172010.404:INFO:CONSOLE(0)] "Third-party cookie will be blocked. Learn more in the Issues tab.", source: https://www.wanted.co.kr/wdlist/518?country=kr&job_sort=job.recommend_order&years=-1&locations=all (0)
[19992:9072:0325/172010.404:INFO:CONSOLE(0)] "Third-party cookie will be blocked. Learn more in the Issues tab.", source: https://www.wanted.co.kr/wdlist/518?country=kr&job_sort=job.recommend_order&years=-1&locations=all (0)
[19992:9072:0325/172010.404:INFO:CONSOLE(0)] "Third-party cookie will be blocked. Learn more in the Issues tab.", source: https://www.wanted.co.kr/wdlist/518?country=kr&job_sort=job.recommend_order&years=-1&locations=all (0)
[19992:9072:0325/172010.404:INFO:CONSOLE(0)] "Third-party cookie will be blocked. Learn more in the Issues tab.", source: https://www.wanted.co.kr/wdlist/518?country=kr&job_sort=job.recommend_order&years=-1&locations=all (0)
[19992:9072:0325/172010.404:INFO:CONSOLE(0)] "Third-party cookie will be blocked. Learn more in the Issues tab.", source: https://www.wanted.co.kr/wdlist/518?country=kr&job_sort=job.recommend_order&years=-1&locations=all (0)
[19992:9072:0325/172010.994:INFO:CONSOLE(0)] "Third-party cookie will be blocked. Learn more in the Issues tab.", source: https://www.wanted.co.kr/wdlist/518?country=kr&job_sort=job.recommend_order&years=-1&locations=all (0)
[19992:9072:0325/172010.994:INFO:CONSOLE(0)] "Third-party cookie will be blocked. Learn more in the Issues tab.", source: https://www.wanted.co.kr/wdlist/518?country=kr&job_sort=job.recommend_order&years=-1&locations=all (0)
[19992:9072:0325/172010.994:INFO:CONSOLE(0)] "Third-party cookie will be blocked. Learn more in the Issues tab.", source: https://www.wanted.co.kr/wdlist/518?country=kr&job_sort=job.recommend_order&years=-1&locations=all (0)
[19992:9072:0325/172010.994:INFO:CONSOLE(0)] "Third-party cookie will be blocked. Learn more in the Issues tab.", source: https://www.wanted.co.kr/wdlist/518?country=kr&job_sort=job.recommend_order&years=-1&locations=all (0)
[19992:9072:0325/172010.994:INFO:CONSOLE(0)] "Third-party cookie will be blocked. Learn more in the Issues tab.", source: https://www.wanted.co.kr/wdlist/518?country=kr&job_sort=job.recommend_order&years=-1&locations=all (0)
[19992:9072:0325/172010.994:INFO:CONSOLE(0)] "Third-party cookie will be blocked. Learn more in the Issues tab.", source: https://www.wanted.co.kr/wdlist/518?country=kr&job_sort=job.recommend_order&years=-1&locations=all (0)
[19992:9072:0325/172010.995:INFO:CONSOLE(0)] "Third-party cookie will be blocked. Learn more in the Issues tab.", source: https://www.wanted.co.kr/wdlist/518?country=kr&job_sort=job.recommend_order&years=-1&locations=all (0)
[19992:9072:0325/172029.555:INFO:CONSOLE(0)] "The resource https://cdn.jsdelivr.net/gh/orioncactus/pretendard@v1.3.9/dist/web/variable/pretendardvariable-jp-dynamic-subset.min.css was preloaded using link preload but not used within a few seconds from the window's load event. Please make sure it has an appropriate `as` value and it is preloaded intentionally.", source: https://www.wanted.co.kr/wdlist/518?country=kr&job_sort=job.recommend_order&years=-1&locations=all (0)
[19992:9072:0325/172029.555:INFO:CONSOLE(0)] "The resource https://cdn.jsdelivr.net/gh/orioncactus/pretendard@v1.3.9/dist/web/variable/pretendardvariable-dynamic-subset.min.css was preloaded using link preload but not used within a few seconds from the window's load event. Please make sure it has an appropriate `as` value and it is preloaded intentionally.", source: https://www.wanted.co.kr/wdlist/518?country=kr&job_sort=job.recommend_order&years=-1&locations=all (0)
[19992:9072:0325/172033.521:WARNING:pref_notifier_impl.cc(41)] Pref observer for media_router.cast_allow_all_ips found at shutdown.
